<?xml version="1.0" encoding="UTF-8"?>
<testsuite xmlns:xsi="http://www.w3.org/2001/XMLSchema-instance" xsi:noNamespaceSchemaLocation="https://maven.apache.org/surefire/maven-surefire-plugin/xsd/surefire-test-report-3.0.xsd" version="3.0" name="com.example.demo.TripSheepApplicationTests" time="7.744" tests="1" errors="0" skipped="0" failures="0">
  <properties>
[...]
</properties>
  <testcase name="contextLoads" classname="com.example.demo.TripSheepApplicationTests" time="0.787">
    <system-out><![CDATA[21:15:41.829 [main] INFO org.springframework.test.context.support.AnnotationConfigContextLoaderUtils -- Could not detect default configuration classes for test class [com.example.demo.TripSheepApplicationTests]: TripSheepApplicationTests does not declare any static, non-private, non-final, nested classes annotated with @Configuration.
21:15:41.989 [main] INFO org.springframework.boot.test.context.SpringBootTestContextBootstrapper -- Found @SpringBootConfiguration com.example.demo.TripSheepApplication for test class com.example.demo.TripSheepApplicationTests

  .   ____          _            __ _ _
 /\\ / ___'_ __ _ _(_)_ __  __ _ \ \ \ \
( ( )\___ | '_ | '_| | '_ \/ _` | \ \ \ \
 \\/  ___)| |_)| | | | | || (_| |  ) ) ) )
  '  |____| .__|_| |_|_| |_\__, | / / / /
 =========|_|==============|___/=/_/_/_/

 :: Spring Boot ::                (v3.3.6)

2024-12-27T21:15:42.753+05:30  INFO 13352 --- [TripSheep] [           main] c.e.demo.TripSheepApplicationTests       : Starting TripSheepApplicationTests using Java 23.0.1 with PID 13352 (started by Vandan in D:\TripSheepMongo)
2024-12-27T21:15:42.759+05:30  INFO 13352 --- [TripSheep] [           main] c.e.demo.TripSheepApplicationTests       : No active profile set, falling back to 1 default profile: "default"
2024-12-27T21:15:43.896+05:30  INFO 13352 --- [TripSheep] [           main] .s.d.r.c.RepositoryConfigurationDelegate : Multiple Spring Data modules found, entering strict repository configuration mode
2024-12-27T21:15:43.898+05:30  INFO 13352 --- [TripSheep] [           main] .s.d.r.c.RepositoryConfigurationDelegate : Bootstrapping Spring Data JPA repositories in DEFAULT mode.
2024-12-27T21:15:43.950+05:30  INFO 13352 --- [TripSheep] [           main] .RepositoryConfigurationExtensionSupport : Spring Data JPA - Could not safely identify store assignment for repository candidate interface com.example.demo.repositories.CityRepository; If you want this repository to be a JPA repository, consider annotating your entities with one of these annotations: jakarta.persistence.Entity, jakarta.persistence.MappedSuperclass (preferred), or consider extending one of the following types with your repository: org.springframework.data.jpa.repository.JpaRepository
2024-12-27T21:15:43.953+05:30  INFO 13352 --- [TripSheep] [           main] .RepositoryConfigurationExtensionSupport : Spring Data JPA - Could not safely identify store assignment for repository candidate interface com.example.demo.repositories.HillStationRepository; If you want this repository to be a JPA repository, consider annotating your entities with one of these annotations: jakarta.persistence.Entity, jakarta.persistence.MappedSuperclass (preferred), or consider extending one of the following types with your repository: org.springframework.data.jpa.repository.JpaRepository
2024-12-27T21:15:43.956+05:30  INFO 13352 --- [TripSheep] [           main] .RepositoryConfigurationExtensionSupport : Spring Data JPA - Could not safely identify store assignment for repository candidate interface com.example.demo.repositories.HotelRepository; If you want this repository to be a JPA repository, consider annotating your entities with one of these annotations: jakarta.persistence.Entity, jakarta.persistence.MappedSuperclass (preferred), or consider extending one of the following types with your repository: org.springframework.data.jpa.repository.JpaRepository
2024-12-27T21:15:43.960+05:30  INFO 13352 --- [TripSheep] [           main] .RepositoryConfigurationExtensionSupport : Spring Data JPA - Could not safely identify store assignment for repository candidate interface com.example.demo.repositories.TemporaryUserRepository; If you want this repository to be a JPA repository, consider annotating your entities with one of these annotations: jakarta.persistence.Entity, jakarta.persistence.MappedSuperclass (preferred), or consider extending one of the following types with your repository: org.springframework.data.jpa.repository.JpaRepository
2024-12-27T21:15:43.963+05:30  INFO 13352 --- [TripSheep] [           main] .RepositoryConfigurationExtensionSupport : Spring Data JPA - Could not safely identify store assignment for repository candidate interface com.example.demo.repositories.TripPackageRepository; If you want this repository to be a JPA repository, consider annotating your entities with one of these annotations: jakarta.persistence.Entity, jakarta.persistence.MappedSuperclass (preferred), or consider extending one of the following types with your repository: org.springframework.data.jpa.repository.JpaRepository
2024-12-27T21:15:43.966+05:30  INFO 13352 --- [TripSheep] [           main] .RepositoryConfigurationExtensionSupport : Spring Data JPA - Could not safely identify store assignment for repository candidate interface com.example.demo.repositories.TripPlanRepository; If you want this repository to be a JPA repository, consider annotating your entities with one of these annotations: jakarta.persistence.Entity, jakarta.persistence.MappedSuperclass (preferred), or consider extending one of the following types with your repository: org.springframework.data.jpa.repository.JpaRepository
2024-12-27T21:15:43.968+05:30  INFO 13352 --- [TripSheep] [           main] .RepositoryConfigurationExtensionSupport : Spring Data JPA - Could not safely identify store assignment for repository candidate interface com.example.demo.repositories.UserRepository; If you want this repository to be a JPA repository, consider annotating your entities with one of these annotations: jakarta.persistence.Entity, jakarta.persistence.MappedSuperclass (preferred), or consider extending one of the following types with your repository: org.springframework.data.jpa.repository.JpaRepository
2024-12-27T21:15:43.971+05:30  INFO 13352 --- [TripSheep] [           main] .RepositoryConfigurationExtensionSupport : Spring Data JPA - Could not safely identify store assignment for repository candidate interface com.example.demo.repositories.VisitingPlaceRepository; If you want this repository to be a JPA repository, consider annotating your entities with one of these annotations: jakarta.persistence.Entity, jakarta.persistence.MappedSuperclass (preferred), or consider extending one of the following types with your repository: org.springframework.data.jpa.repository.JpaRepository
2024-12-27T21:15:43.973+05:30  INFO 13352 --- [TripSheep] [           main] .s.d.r.c.RepositoryConfigurationDelegate : Finished Spring Data repository scanning in 66 ms. Found 0 JPA repository interfaces.
2024-12-27T21:15:44.016+05:30  INFO 13352 --- [TripSheep] [           main] .s.d.r.c.RepositoryConfigurationDelegate : Multiple Spring Data modules found, entering strict repository configuration mode
2024-12-27T21:15:44.016+05:30  INFO 13352 --- [TripSheep] [           main] .s.d.r.c.RepositoryConfigurationDelegate : Bootstrapping Spring Data MongoDB repositories in DEFAULT mode.
2024-12-27T21:15:44.052+05:30  INFO 13352 --- [TripSheep] [           main] .s.d.r.c.RepositoryConfigurationDelegate : Finished Spring Data repository scanning in 34 ms. Found 8 MongoDB repository interfaces.
2024-12-27T21:15:44.714+05:30  INFO 13352 --- [TripSheep] [           main] com.zaxxer.hikari.HikariDataSource       : HikariPool-1 - Starting...
2024-12-27T21:15:44.929+05:30  INFO 13352 --- [TripSheep] [           main] com.zaxxer.hikari.pool.HikariPool        : HikariPool-1 - Added connection conn0: url=jdbc:h2:mem:49449300-99bf-4966-a612-7de3934f652f user=SA
2024-12-27T21:15:44.931+05:30  INFO 13352 --- [TripSheep] [           main] com.zaxxer.hikari.HikariDataSource       : HikariPool-1 - Start completed.
2024-12-27T21:15:45.019+05:30  INFO 13352 --- [TripSheep] [           main] o.hibernate.jpa.internal.util.LogHelper  : HHH000204: Processing PersistenceUnitInfo [name: default]
2024-12-27T21:15:45.121+05:30  INFO 13352 --- [TripSheep] [           main] org.hibernate.Version                    : HHH000412: Hibernate ORM core version 6.5.3.Final
2024-12-27T21:15:45.172+05:30  INFO 13352 --- [TripSheep] [           main] o.h.c.internal.RegionFactoryInitiator    : HHH000026: Second-level cache disabled
2024-12-27T21:15:45.617+05:30  INFO 13352 --- [TripSheep] [           main] o.s.o.j.p.SpringPersistenceUnitInfo      : No LoadTimeWeaver setup: ignoring JPA class transformer
2024-12-27T21:15:46.082+05:30  INFO 13352 --- [TripSheep] [           main] o.h.e.t.j.p.i.JtaPlatformInitiator       : HHH000489: No JTA platform available (set 'hibernate.transaction.jta.platform' to enable JTA platform integration)
2024-12-27T21:15:46.090+05:30  INFO 13352 --- [TripSheep] [           main] j.LocalContainerEntityManagerFactoryBean : Initialized JPA EntityManagerFactory for persistence unit 'default'
2024-12-27T21:15:46.685+05:30  INFO 13352 --- [TripSheep] [           main] org.mongodb.driver.client                : MongoClient with metadata {"application": {"name": "Cluster0"}, "driver": {"name": "mongo-java-driver|sync|spring-boot", "version": "5.0.1"}, "os": {"type": "Windows", "name": "Windows 10", "architecture": "amd64", "version": "10.0"}, "platform": "Java/Oracle Corporation/23.0.1+11-39"} created with settings MongoClientSettings{readPreference=primary, writeConcern=WriteConcern{w=majority, wTimeout=null ms, journal=null}, retryWrites=true, retryReads=true, readConcern=ReadConcern{level=null}, credential=MongoCredential{mechanism=null, userName='nandviky4', source='admin', password=<hidden>, mechanismProperties=<hidden>}, transportSettings=null, commandListeners=[], codecRegistry=ProvidersCodecRegistry{codecProviders=[ValueCodecProvider{}, BsonValueCodecProvider{}, DBRefCodecProvider{}, DBObjectCodecProvider{}, DocumentCodecProvider{}, CollectionCodecProvider{}, IterableCodecProvider{}, MapCodecProvider{}, GeoJsonCodecProvider{}, GridFSFileCodecProvider{}, Jsr310CodecProvider{}, JsonObjectCodecProvider{}, BsonCodecProvider{}, EnumCodecProvider{}, com.mongodb.client.model.mql.ExpressionCodecProvider@7c0ff7a0, com.mongodb.Jep395RecordCodecProvider@24c84e65, com.mongodb.KotlinCodecProvider@7337bd2e]}, loggerSettings=LoggerSettings{maxDocumentLength=1000}, clusterSettings={hosts=[127.0.0.1:27017], srvHost=cluster0.jp7wx.mongodb.net, srvServiceName=mongodb, mode=MULTIPLE, requiredClusterType=REPLICA_SET, requiredReplicaSetName='atlas-ycyap1-shard-0', serverSelector='null', clusterListeners='[]', serverSelectionTimeout='30000 ms', localThreshold='15 ms'}, socketSettings=SocketSettings{connectTimeoutMS=10000, readTimeoutMS=0, receiveBufferSize=0, proxySettings=ProxySettings{host=null, port=null, username=null, password=null}}, heartbeatSocketSettings=SocketSettings{connectTimeoutMS=10000, readTimeoutMS=10000, receiveBufferSize=0, proxySettings=ProxySettings{host=null, port=null, username=null, password=null}}, connectionPoolSettings=ConnectionPoolSettings{maxSize=100, minSize=0, maxWaitTimeMS=120000, maxConnectionLifeTimeMS=0, maxConnectionIdleTimeMS=0, maintenanceInitialDelayMS=0, maintenanceFrequencyMS=60000, connectionPoolListeners=[], maxConnecting=2}, serverSettings=ServerSettings{heartbeatFrequencyMS=10000, minHeartbeatFrequencyMS=500, serverListeners='[]', serverMonitorListeners='[]'}, sslSettings=SslSettings{enabled=true, invalidHostNameAllowed=false, context=null}, applicationName='Cluster0', compressorList=[], uuidRepresentation=JAVA_LEGACY, serverApi=null, autoEncryptionSettings=null, dnsClient=null, inetAddressResolver=null, contextProvider=null}
2024-12-27T21:15:46.693+05:30  INFO 13352 --- [TripSheep] [7wx.mongodb.net] org.mongodb.driver.cluster               : Adding discovered server cluster0-shard-00-00.jp7wx.mongodb.net:27017 to client view of cluster
2024-12-27T21:15:46.750+05:30  INFO 13352 --- [TripSheep] [7wx.mongodb.net] org.mongodb.driver.cluster               : Adding discovered server cluster0-shard-00-01.jp7wx.mongodb.net:27017 to client view of cluster
2024-12-27T21:15:46.756+05:30  INFO 13352 --- [TripSheep] [7wx.mongodb.net] org.mongodb.driver.cluster               : Adding discovered server cluster0-shard-00-02.jp7wx.mongodb.net:27017 to client view of cluster
2024-12-27T21:15:47.526+05:30  INFO 13352 --- [TripSheep] [ngodb.net:27017] org.mongodb.driver.cluster               : Monitor thread successfully connected to server with description ServerDescription{address=cluster0-shard-00-02.jp7wx.mongodb.net:27017, type=REPLICA_SET_PRIMARY, state=CONNECTED, ok=true, minWireVersion=0, maxWireVersion=25, maxDocumentSize=16777216, logicalSessionTimeoutMinutes=30, roundTripTimeNanos=462876800, setName='atlas-ycyap1-shard-0', canonicalAddress=cluster0-shard-00-02.jp7wx.mongodb.net:27017, hosts=[cluster0-shard-00-00.jp7wx.mongodb.net:27017, cluster0-shard-00-02.jp7wx.mongodb.net:27017, cluster0-shard-00-01.jp7wx.mongodb.net:27017], passives=[], arbiters=[], primary='cluster0-shard-00-02.jp7wx.mongodb.net:27017', tagSet=TagSet{[Tag{name='availabilityZone', value='aps1-az2'}, Tag{name='diskState', value='READY'}, Tag{name='nodeType', value='ELECTABLE'}, Tag{name='provider', value='AWS'}, Tag{name='region', value='AP_SOUTH_1'}, Tag{name='workloadType', value='OPERATIONAL'}]}, electionId=7fffffff0000000000000011, setVersion=1, topologyVersion=TopologyVersion{processId=67665634ef3ea05e3d3ee15e, counter=6}, lastWriteDate=Fri Dec 27 21:15:44 IST 2024, lastUpdateTimeNanos=28280686161900}
2024-12-27T21:15:47.526+05:30  INFO 13352 --- [TripSheep] [ngodb.net:27017] org.mongodb.driver.cluster               : Monitor thread successfully connected to server with description ServerDescription{address=cluster0-shard-00-00.jp7wx.mongodb.net:27017, type=REPLICA_SET_SECONDARY, state=CONNECTED, ok=true, minWireVersion=0, maxWireVersion=25, maxDocumentSize=16777216, logicalSessionTimeoutMinutes=30, roundTripTimeNanos=462818300, setName='atlas-ycyap1-shard-0', canonicalAddress=cluster0-shard-00-00.jp7wx.mongodb.net:27017, hosts=[cluster0-shard-00-00.jp7wx.mongodb.net:27017, cluster0-shard-00-02.jp7wx.mongodb.net:27017, cluster0-shard-00-01.jp7wx.mongodb.net:27017], passives=[], arbiters=[], primary='cluster0-shard-00-02.jp7wx.mongodb.net:27017', tagSet=TagSet{[Tag{name='availabilityZone', value='aps1-az1'}, Tag{name='diskState', value='READY'}, Tag{name='nodeType', value='ELECTABLE'}, Tag{name='provider', value='AWS'}, Tag{name='region', value='AP_SOUTH_1'}, Tag{name='workloadType', value='OPERATIONAL'}]}, electionId=null, setVersion=1, topologyVersion=TopologyVersion{processId=676eb265e270dd985cd26b6d, counter=7}, lastWriteDate=Fri Dec 27 21:15:44 IST 2024, lastUpdateTimeNanos=28280686586900}
2024-12-27T21:15:47.532+05:30  INFO 13352 --- [TripSheep] [ngodb.net:27017] org.mongodb.driver.cluster               : Discovered replica set primary cluster0-shard-00-02.jp7wx.mongodb.net:27017 with max election id 7fffffff0000000000000011 and max set version 1
2024-12-27T21:15:47.611+05:30  INFO 13352 --- [TripSheep] [           main] eAuthenticationProviderManagerConfigurer : Global AuthenticationManager configured with AuthenticationProvider bean with name authenticationProvider
2024-12-27T21:15:47.611+05:30  WARN 13352 --- [TripSheep] [           main] r$InitializeUserDetailsManagerConfigurer : Global AuthenticationManager configured with an AuthenticationProvider bean. UserDetailsService beans will not be used for username/password login. Consider removing the AuthenticationProvider bean. Alternatively, consider using the UserDetailsService in a manually instantiated DaoAuthenticationProvider.
2024-12-27T21:15:47.668+05:30  WARN 13352 --- [TripSheep] [           main] JpaBaseConfiguration$JpaWebConfiguration : spring.jpa.open-in-view is enabled by default. Therefore, database queries may be performed during view rendering. Explicitly configure spring.jpa.open-in-view to disable this warning
2024-12-27T21:15:48.465+05:30  INFO 13352 --- [TripSheep] [           main] c.e.demo.TripSheepApplicationTests       : Started TripSheepApplicationTests in 6.303 seconds (process running for 7.719)
]]></system-out>
    <system-err><![CDATA[WARNING: A Java agent has been loaded dynamically (C:\Users\Vandan\.m2\repository\net\bytebuddy\byte-buddy-agent\1.14.19\byte-buddy-agent-1.14.19.jar)
WARNING: If a serviceability tool is in use, please run with -XX:+EnableDynamicAgentLoading to hide this warning
WARNING: If a serviceability tool is not in use, please run with -Djdk.instrument.traceUsage for more information
WARNING: Dynamic loading of agents will be disallowed by default in a future release
]]></system-err>
  </testcase>
</testsuite>